{"C:\\Users\\Lud\\Desktop\\LIM013-cipher\\src\\cipher.js": {"path":"C:\\Users\\Lud\\Desktop\\LIM013-cipher\\src\\cipher.js","statementMap":{"0":{"start":{"line":3,"column":17},"end":{"line":105,"column":3}},"1":{"start":{"line":10,"column":25},"end":{"line":10,"column":27}},"2":{"start":{"line":11,"column":8},"end":{"line":13,"column":9}},"3":{"start":{"line":12,"column":10},"end":{"line":12,"column":32}},"4":{"start":{"line":16,"column":8},"end":{"line":44,"column":9}},"5":{"start":{"line":16,"column":18},"end":{"line":16,"column":19}},"6":{"start":{"line":20,"column":10},"end":{"line":22,"column":11}},"7":{"start":{"line":21,"column":12},"end":{"line":21,"column":32}},"8":{"start":{"line":23,"column":10},"end":{"line":23,"column":54}},"9":{"start":{"line":24,"column":10},"end":{"line":43,"column":11}},"10":{"start":{"line":25,"column":12},"end":{"line":25,"column":72}},"11":{"start":{"line":26,"column":12},"end":{"line":26,"column":43}},"12":{"start":{"line":27,"column":16},"end":{"line":43,"column":11}},"13":{"start":{"line":28,"column":12},"end":{"line":28,"column":79}},"14":{"start":{"line":29,"column":12},"end":{"line":29,"column":67}},"15":{"start":{"line":30,"column":12},"end":{"line":30,"column":43}},"16":{"start":{"line":31,"column":16},"end":{"line":43,"column":11}},"17":{"start":{"line":32,"column":12},"end":{"line":32,"column":79}},"18":{"start":{"line":33,"column":12},"end":{"line":33,"column":67}},"19":{"start":{"line":34,"column":12},"end":{"line":34,"column":43}},"20":{"start":{"line":35,"column":16},"end":{"line":43,"column":11}},"21":{"start":{"line":36,"column":12},"end":{"line":36,"column":79}},"22":{"start":{"line":37,"column":12},"end":{"line":37,"column":67}},"23":{"start":{"line":38,"column":12},"end":{"line":38,"column":43}},"24":{"start":{"line":39,"column":16},"end":{"line":43,"column":11}},"25":{"start":{"line":40,"column":12},"end":{"line":40,"column":79}},"26":{"start":{"line":41,"column":12},"end":{"line":41,"column":67}},"27":{"start":{"line":42,"column":12},"end":{"line":42,"column":43}},"28":{"start":{"line":45,"column":8},"end":{"line":45,"column":28}},"29":{"start":{"line":53,"column":27},"end":{"line":53,"column":29}},"30":{"start":{"line":54,"column":8},"end":{"line":56,"column":9}},"31":{"start":{"line":55,"column":10},"end":{"line":55,"column":32}},"32":{"start":{"line":58,"column":8},"end":{"line":101,"column":9}},"33":{"start":{"line":58,"column":18},"end":{"line":58,"column":19}},"34":{"start":{"line":61,"column":10},"end":{"line":63,"column":11}},"35":{"start":{"line":62,"column":12},"end":{"line":62,"column":32}},"36":{"start":{"line":64,"column":10},"end":{"line":64,"column":63}},"37":{"start":{"line":65,"column":10},"end":{"line":100,"column":11}},"38":{"start":{"line":66,"column":12},"end":{"line":66,"column":76}},"39":{"start":{"line":67,"column":12},"end":{"line":67,"column":47}},"40":{"start":{"line":68,"column":16},"end":{"line":100,"column":11}},"41":{"start":{"line":69,"column":12},"end":{"line":69,"column":71}},"42":{"start":{"line":70,"column":12},"end":{"line":72,"column":13}},"43":{"start":{"line":71,"column":14},"end":{"line":71,"column":58}},"44":{"start":{"line":73,"column":12},"end":{"line":73,"column":60}},"45":{"start":{"line":74,"column":12},"end":{"line":74,"column":71}},"46":{"start":{"line":75,"column":12},"end":{"line":75,"column":47}},"47":{"start":{"line":76,"column":16},"end":{"line":100,"column":11}},"48":{"start":{"line":77,"column":12},"end":{"line":77,"column":71}},"49":{"start":{"line":78,"column":12},"end":{"line":80,"column":13}},"50":{"start":{"line":79,"column":14},"end":{"line":79,"column":58}},"51":{"start":{"line":81,"column":12},"end":{"line":81,"column":61}},"52":{"start":{"line":82,"column":12},"end":{"line":82,"column":71}},"53":{"start":{"line":83,"column":12},"end":{"line":83,"column":47}},"54":{"start":{"line":84,"column":16},"end":{"line":100,"column":11}},"55":{"start":{"line":85,"column":12},"end":{"line":85,"column":72}},"56":{"start":{"line":86,"column":12},"end":{"line":88,"column":13}},"57":{"start":{"line":87,"column":14},"end":{"line":87,"column":58}},"58":{"start":{"line":89,"column":12},"end":{"line":89,"column":61}},"59":{"start":{"line":90,"column":12},"end":{"line":90,"column":71}},"60":{"start":{"line":91,"column":12},"end":{"line":91,"column":47}},"61":{"start":{"line":92,"column":16},"end":{"line":100,"column":11}},"62":{"start":{"line":93,"column":12},"end":{"line":93,"column":72}},"63":{"start":{"line":94,"column":12},"end":{"line":96,"column":13}},"64":{"start":{"line":95,"column":14},"end":{"line":95,"column":58}},"65":{"start":{"line":97,"column":12},"end":{"line":97,"column":61}},"66":{"start":{"line":98,"column":12},"end":{"line":98,"column":71}},"67":{"start":{"line":99,"column":12},"end":{"line":99,"column":47}},"68":{"start":{"line":102,"column":8},"end":{"line":102,"column":30}}},"fnMap":{"0":{"name":"(anonymous_0)","decl":{"start":{"line":6,"column":14},"end":{"line":6,"column":15}},"loc":{"start":{"line":6,"column":33},"end":{"line":46,"column":7}},"line":6},"1":{"name":"(anonymous_1)","decl":{"start":{"line":48,"column":14},"end":{"line":48,"column":15}},"loc":{"start":{"line":48,"column":40},"end":{"line":103,"column":7}},"line":48}},"branchMap":{"0":{"loc":{"start":{"line":11,"column":8},"end":{"line":13,"column":9}},"type":"if","locations":[{"start":{"line":11,"column":8},"end":{"line":13,"column":9}},{"start":{"line":11,"column":8},"end":{"line":13,"column":9}}],"line":11},"1":{"loc":{"start":{"line":11,"column":11},"end":{"line":11,"column":39}},"type":"binary-expr","locations":[{"start":{"line":11,"column":11},"end":{"line":11,"column":24}},{"start":{"line":11,"column":27},"end":{"line":11,"column":39}}],"line":11},"2":{"loc":{"start":{"line":24,"column":10},"end":{"line":43,"column":11}},"type":"if","locations":[{"start":{"line":24,"column":10},"end":{"line":43,"column":11}},{"start":{"line":24,"column":10},"end":{"line":43,"column":11}}],"line":24},"3":{"loc":{"start":{"line":27,"column":16},"end":{"line":43,"column":11}},"type":"if","locations":[{"start":{"line":27,"column":16},"end":{"line":43,"column":11}},{"start":{"line":27,"column":16},"end":{"line":43,"column":11}}],"line":27},"4":{"loc":{"start":{"line":27,"column":19},"end":{"line":27,"column":75}},"type":"binary-expr","locations":[{"start":{"line":27,"column":19},"end":{"line":27,"column":45}},{"start":{"line":27,"column":49},"end":{"line":27,"column":75}}],"line":27},"5":{"loc":{"start":{"line":31,"column":16},"end":{"line":43,"column":11}},"type":"if","locations":[{"start":{"line":31,"column":16},"end":{"line":43,"column":11}},{"start":{"line":31,"column":16},"end":{"line":43,"column":11}}],"line":31},"6":{"loc":{"start":{"line":31,"column":19},"end":{"line":31,"column":76}},"type":"binary-expr","locations":[{"start":{"line":31,"column":19},"end":{"line":31,"column":45}},{"start":{"line":31,"column":49},"end":{"line":31,"column":76}}],"line":31},"7":{"loc":{"start":{"line":35,"column":16},"end":{"line":43,"column":11}},"type":"if","locations":[{"start":{"line":35,"column":16},"end":{"line":43,"column":11}},{"start":{"line":35,"column":16},"end":{"line":43,"column":11}}],"line":35},"8":{"loc":{"start":{"line":35,"column":19},"end":{"line":35,"column":75}},"type":"binary-expr","locations":[{"start":{"line":35,"column":19},"end":{"line":35,"column":45}},{"start":{"line":35,"column":49},"end":{"line":35,"column":75}}],"line":35},"9":{"loc":{"start":{"line":39,"column":16},"end":{"line":43,"column":11}},"type":"if","locations":[{"start":{"line":39,"column":16},"end":{"line":43,"column":11}},{"start":{"line":39,"column":16},"end":{"line":43,"column":11}}],"line":39},"10":{"loc":{"start":{"line":39,"column":19},"end":{"line":39,"column":75}},"type":"binary-expr","locations":[{"start":{"line":39,"column":19},"end":{"line":39,"column":45}},{"start":{"line":39,"column":49},"end":{"line":39,"column":75}}],"line":39},"11":{"loc":{"start":{"line":54,"column":8},"end":{"line":56,"column":9}},"type":"if","locations":[{"start":{"line":54,"column":8},"end":{"line":56,"column":9}},{"start":{"line":54,"column":8},"end":{"line":56,"column":9}}],"line":54},"12":{"loc":{"start":{"line":54,"column":11},"end":{"line":54,"column":39}},"type":"binary-expr","locations":[{"start":{"line":54,"column":11},"end":{"line":54,"column":24}},{"start":{"line":54,"column":27},"end":{"line":54,"column":39}}],"line":54},"13":{"loc":{"start":{"line":65,"column":10},"end":{"line":100,"column":11}},"type":"if","locations":[{"start":{"line":65,"column":10},"end":{"line":100,"column":11}},{"start":{"line":65,"column":10},"end":{"line":100,"column":11}}],"line":65},"14":{"loc":{"start":{"line":68,"column":16},"end":{"line":100,"column":11}},"type":"if","locations":[{"start":{"line":68,"column":16},"end":{"line":100,"column":11}},{"start":{"line":68,"column":16},"end":{"line":100,"column":11}}],"line":68},"15":{"loc":{"start":{"line":68,"column":19},"end":{"line":68,"column":79}},"type":"binary-expr","locations":[{"start":{"line":68,"column":19},"end":{"line":68,"column":47}},{"start":{"line":68,"column":51},"end":{"line":68,"column":79}}],"line":68},"16":{"loc":{"start":{"line":76,"column":16},"end":{"line":100,"column":11}},"type":"if","locations":[{"start":{"line":76,"column":16},"end":{"line":100,"column":11}},{"start":{"line":76,"column":16},"end":{"line":100,"column":11}}],"line":76},"17":{"loc":{"start":{"line":76,"column":19},"end":{"line":76,"column":80}},"type":"binary-expr","locations":[{"start":{"line":76,"column":19},"end":{"line":76,"column":47}},{"start":{"line":76,"column":51},"end":{"line":76,"column":80}}],"line":76},"18":{"loc":{"start":{"line":84,"column":16},"end":{"line":100,"column":11}},"type":"if","locations":[{"start":{"line":84,"column":16},"end":{"line":100,"column":11}},{"start":{"line":84,"column":16},"end":{"line":100,"column":11}}],"line":84},"19":{"loc":{"start":{"line":84,"column":19},"end":{"line":84,"column":79}},"type":"binary-expr","locations":[{"start":{"line":84,"column":19},"end":{"line":84,"column":47}},{"start":{"line":84,"column":51},"end":{"line":84,"column":79}}],"line":84},"20":{"loc":{"start":{"line":92,"column":16},"end":{"line":100,"column":11}},"type":"if","locations":[{"start":{"line":92,"column":16},"end":{"line":100,"column":11}},{"start":{"line":92,"column":16},"end":{"line":100,"column":11}}],"line":92},"21":{"loc":{"start":{"line":92,"column":19},"end":{"line":92,"column":79}},"type":"binary-expr","locations":[{"start":{"line":92,"column":19},"end":{"line":92,"column":47}},{"start":{"line":92,"column":51},"end":{"line":92,"column":79}}],"line":92}},"s":{"0":1,"1":6,"2":6,"3":2,"4":4,"5":4,"6":0,"7":0,"8":0,"9":0,"10":0,"11":0,"12":0,"13":0,"14":0,"15":0,"16":0,"17":0,"18":0,"19":0,"20":0,"21":0,"22":0,"23":0,"24":0,"25":0,"26":0,"27":0,"28":0,"29":0,"30":0,"31":0,"32":0,"33":0,"34":0,"35":0,"36":0,"37":0,"38":0,"39":0,"40":0,"41":0,"42":0,"43":0,"44":0,"45":0,"46":0,"47":0,"48":0,"49":0,"50":0,"51":0,"52":0,"53":0,"54":0,"55":0,"56":0,"57":0,"58":0,"59":0,"60":0,"61":0,"62":0,"63":0,"64":0,"65":0,"66":0,"67":0,"68":0},"f":{"0":6,"1":0},"b":{"0":[2,4],"1":[6,6],"2":[0,0],"3":[0,0],"4":[0,0],"5":[0,0],"6":[0,0],"7":[0,0],"8":[0,0],"9":[0,0],"10":[0,0],"11":[0,0],"12":[0,0],"13":[0,0],"14":[0,0],"15":[0,0],"16":[0,0],"17":[0,0],"18":[0,0],"19":[0,0],"20":[0,0],"21":[0,0]},"_coverageSchema":"43e27e138ebf9cfc5966b082cf9a028302ed4184","hash":"63a783d2e0f9aba506ec548459bfd23ad13a05e9"}
}
